<?xml version="1.0" encoding="UTF-8"?>
<!-- Generated by org.testng.reporters.JUnitReportReporter -->
<testsuite hostname="RAJI-DELL" failures="0" tests="1" name="practiceTestNG.AddAccount" time="4.940" errors="0" timestamp="2022-05-15T08:59:45 CDT" skipped="0">
  <testcase classname="practiceTestNG.AddAccount" name="addcustomer" time="4.940"/>
  <system-out/>
</testsuite> <!-- practiceTestNG.AddAccount -->
