<?xml version="1.0" encoding="UTF-8"?>
<!-- Generated by org.testng.reporters.JUnitReportReporter -->
<testsuite hostname="RAJI-DELL" failures="0" tests="1" name="practiceTestNG.GetAllLinks" time="0.401" errors="0" timestamp="2022-05-19T18:29:41 CDT" skipped="0">
  <testcase classname="practiceTestNG.GetAllLinks" name="getlinks" time="0.401"/>
  <system-out/>
</testsuite> <!-- practiceTestNG.GetAllLinks -->
