<?xml version="1.0" encoding="UTF-8"?>
<!-- Generated by org.testng.reporters.JUnitReportReporter -->
<testsuite hostname="RAJI-DELL" failures="0" tests="2" name="practiceTestNG.AddAccount" time="4.462" errors="0" timestamp="2022-05-11T21:55:13 CDT" skipped="0">
  <testcase classname="practiceTestNG.AddAccount" name="loginTest" time="1.447"/>
  <system-out/>
  <testcase classname="practiceTestNG.AddAccount" name="addcustomer" time="3.015"/>
  <system-out/>
</testsuite> <!-- practiceTestNG.AddAccount -->
